<?xml version="1.0" encoding="UTF-8"?>
<!-- Generated by org.testng.reporters.JUnitReportReporter -->
<testsuite skipped="0" hostname="LAPTOP-PP7LTPN0" name="demo2.BankingApplicationDemo" tests="2" failures="0" timestamp="31 Mar 2019 03:09:10 GMT" time="11.094" errors="0">
  <testcase name="login" time="5.938" classname="demo2.BankingApplicationDemo"/>
  <testcase name="validateFundTransfer" time="5.156" classname="demo2.BankingApplicationDemo"/>
</testsuite> <!-- demo2.BankingApplicationDemo -->
